# JRE version: Java(TM) SE Runtime Environment (8.0_191-b12) (build 1.8.0_191-b12)
# Java VM: Java HotSpot(TM) 64-Bit Server VM (25.191-b12 mixed mode windows-amd64 compressed oops)
Heap:
 PSYoungGen      total 175616K, used 142717K [0x00000000d5e00000, 0x00000000e2000000, 0x0000000100000000)
  eden space 154624K, 92% used [0x00000000d5e00000,0x00000000de95f5e8,0x00000000df500000)
  from space 20992K, 0% used [0x00000000e0b80000,0x00000000e0b80000,0x00000000e2000000)
  to   space 22016K, 0% used [0x00000000df500000,0x00000000df500000,0x00000000e0a80000)
 ParOldGen       total 143872K, used 24315K [0x0000000081a00000, 0x000000008a680000, 0x00000000d5e00000)
  object space 143872K, 16% used [0x0000000081a00000,0x00000000831bed30,0x000000008a680000)
 Metaspace       used 60294K, capacity 63564K, committed 63768K, reserved 1103872K
  class space    used 8116K, capacity 8675K, committed 8744K, reserved 1048576K
GC Heap History (10 events):
Event: 5630.707 GC heap before
{Heap before GC invocations=16 (full 3):
 PSYoungGen      total 152064K, used 152038K [0x00000000d5e00000, 0x00000000e1200000, 0x0000000100000000)
  eden space 144384K, 100% used [0x00000000d5e00000,0x00000000deb00000,0x00000000deb00000)
  from space 7680K, 99% used [0x00000000e0400000,0x00000000e0b79978,0x00000000e0b80000)
  to   space 19968K, 0% used [0x00000000deb00000,0x00000000deb00000,0x00000000dfe80000)
 ParOldGen       total 143872K, used 27644K [0x0000000081a00000, 0x000000008a680000, 0x00000000d5e00000)
  object space 143872K, 19% used [0x0000000081a00000,0x00000000834ff198,0x000000008a680000)
 Metaspace       used 59270K, capacity 62408K, committed 62616K, reserved 1103872K
  class space    used 8064K, capacity 8572K, committed 8616K, reserved 1048576K
Event: 5630.853 GC heap after
Heap after GC invocations=16 (full 3):
 PSYoungGen      total 164352K, used 15147K [0x00000000d5e00000, 0x00000000e2700000, 0x0000000100000000)
  eden space 144384K, 0% used [0x00000000d5e00000,0x00000000d5e00000,0x00000000deb00000)
  from space 19968K, 75% used [0x00000000deb00000,0x00000000df9caf08,0x00000000dfe80000)
  to   space 21504K, 0% used [0x00000000e1200000,0x00000000e1200000,0x00000000e2700000)
 ParOldGen       total 143872K, used 27652K [0x0000000081a00000, 0x000000008a680000, 0x00000000d5e00000)
  object space 143872K, 19% used [0x0000000081a00000,0x0000000083501198,0x000000008a680000)
 Metaspace       used 59270K, capacity 62408K, committed 62616K, reserved 1103872K
  class space    used 8064K, capacity 8572K, committed 8616K, reserved 1048576K
}
Event: 8085.144 GC heap before
{Heap before GC invocations=17 (full 3):
 PSYoungGen      total 164352K, used 159531K [0x00000000d5e00000, 0x00000000e2700000, 0x0000000100000000)
  eden space 144384K, 100% used [0x00000000d5e00000,0x00000000deb00000,0x00000000deb00000)
  from space 19968K, 75% used [0x00000000deb00000,0x00000000df9caf08,0x00000000dfe80000)
  to   space 21504K, 0% used [0x00000000e1200000,0x00000000e1200000,0x00000000e2700000)
 ParOldGen       total 143872K, used 27652K [0x0000000081a00000, 0x000000008a680000, 0x00000000d5e00000)
  object space 143872K, 19% used [0x0000000081a00000,0x0000000083501198,0x000000008a680000)
 Metaspace       used 59323K, capacity 62420K, committed 62616K, reserved 1103872K
  class space    used 8066K, capacity 8574K, committed 8616K, reserved 1048576K
Event: 8085.191 GC heap after
Heap after GC invocations=17 (full 3):
 PSYoungGen      total 177152K, used 14564K [0x00000000d5e00000, 0x00000000e2400000, 0x0000000100000000)
  eden space 158720K, 0% used [0x00000000d5e00000,0x00000000d5e00000,0x00000000df900000)
  from space 18432K, 79% used [0x00000000e1200000,0x00000000e2039010,0x00000000e2400000)
  to   space 22016K, 0% used [0x00000000df900000,0x00000000df900000,0x00000000e0e80000)
 ParOldGen       total 143872K, used 27660K [0x0000000081a00000, 0x000000008a680000, 0x00000000d5e00000)
  object space 143872K, 19% used [0x0000000081a00000,0x0000000083503198,0x000000008a680000)
 Metaspace       used 59323K, capacity 62420K, committed 62616K, reserved 1103872K
  class space    used 8066K, capacity 8574K, committed 8616K, reserved 1048576K
}
Event: 10745.105 GC heap before
{Heap before GC invocations=18 (full 3):
 PSYoungGen      total 177152K, used 173284K [0x00000000d5e00000, 0x00000000e2400000, 0x0000000100000000)
  eden space 158720K, 100% used [0x00000000d5e00000,0x00000000df900000,0x00000000df900000)
  from space 18432K, 79% used [0x00000000e1200000,0x00000000e2039010,0x00000000e2400000)
  to   space 22016K, 0% used [0x00000000df900000,0x00000000df900000,0x00000000e0e80000)
 ParOldGen       total 143872K, used 27660K [0x0000000081a00000, 0x000000008a680000, 0x00000000d5e00000)
  object space 143872K, 19% used [0x0000000081a00000,0x0000000083503198,0x000000008a680000)
 Metaspace       used 59334K, capacity 62420K, committed 62616K, reserved 1103872K
  class space    used 8066K, capacity 8574K, committed 8616K, reserved 1048576K
Event: 10745.138 GC heap after
Heap after GC invocations=18 (full 3):
 PSYoungGen      total 171008K, used 16356K [0x00000000d5e00000, 0x00000000e2200000, 0x0000000100000000)
  eden space 154624K, 0% used [0x00000000d5e00000,0x00000000d5e00000,0x00000000df500000)
  from space 16384K, 99% used [0x00000000df900000,0x00000000e08f92d0,0x00000000e0900000)
  to   space 23040K, 0% used [0x00000000e0b80000,0x00000000e0b80000,0x00000000e2200000)
 ParOldGen       total 143872K, used 27668K [0x0000000081a00000, 0x000000008a680000, 0x00000000d5e00000)
  object space 143872K, 19% used [0x0000000081a00000,0x0000000083505198,0x000000008a680000)
 Metaspace       used 59334K, capacity 62420K, committed 62616K, reserved 1103872K
  class space    used 8066K, capacity 8574K, committed 8616K, reserved 1048576K
}
Event: 12303.037 GC heap before
{Heap before GC invocations=19 (full 3):
 PSYoungGen      total 171008K, used 141701K [0x00000000d5e00000, 0x00000000e2200000, 0x0000000100000000)
  eden space 154624K, 81% used [0x00000000d5e00000,0x00000000dd8682f8,0x00000000df500000)
  from space 16384K, 99% used [0x00000000df900000,0x00000000e08f92d0,0x00000000e0900000)
  to   space 23040K, 0% used [0x00000000e0b80000,0x00000000e0b80000,0x00000000e2200000)
 ParOldGen       total 143872K, used 27668K [0x0000000081a00000, 0x000000008a680000, 0x00000000d5e00000)
  object space 143872K, 19% used [0x0000000081a00000,0x0000000083505198,0x000000008a680000)
 Metaspace       used 59448K, capacity 62630K, committed 63000K, reserved 1103872K
  class space    used 8081K, capacity 8618K, committed 8744K, reserved 1048576K
Event: 12303.063 GC heap after
Heap after GC invocations=19 (full 3):
 PSYoungGen      total 175616K, used 10050K [0x00000000d5e00000, 0x00000000e2000000, 0x0000000100000000)
  eden space 154624K, 0% used [0x00000000d5e00000,0x00000000d5e00000,0x00000000df500000)
  from space 20992K, 47% used [0x00000000e0b80000,0x00000000e1550ad0,0x00000000e2000000)
  to   space 22016K, 0% used [0x00000000df500000,0x00000000df500000,0x00000000e0a80000)
 ParOldGen       total 143872K, used 27676K [0x0000000081a00000, 0x000000008a680000, 0x00000000d5e00000)
  object space 143872K, 19% used [0x0000000081a00000,0x0000000083507198,0x000000008a680000)
 Metaspace       used 59448K, capacity 62630K, committed 63000K, reserved 1103872K
  class space    used 8081K, capacity 8618K, committed 8744K, reserved 1048576K
}
Event: 12303.063 GC heap before
{Heap before GC invocations=20 (full 4):
 PSYoungGen      total 175616K, used 10050K [0x00000000d5e00000, 0x00000000e2000000, 0x0000000100000000)
  eden space 154624K, 0% used [0x00000000d5e00000,0x00000000d5e00000,0x00000000df500000)
  from space 20992K, 47% used [0x00000000e0b80000,0x00000000e1550ad0,0x00000000e2000000)
  to   space 22016K, 0% used [0x00000000df500000,0x00000000df500000,0x00000000e0a80000)
 ParOldGen       total 143872K, used 27676K [0x0000000081a00000, 0x000000008a680000, 0x00000000d5e00000)
  object space 143872K, 19% used [0x0000000081a00000,0x0000000083507198,0x000000008a680000)
 Metaspace       used 59448K, capacity 62630K, committed 63000K, reserved 1103872K
  class space    used 8081K, capacity 8618K, committed 8744K, reserved 1048576K
Event: 12304.219 GC heap after
Heap after GC invocations=20 (full 4):
 PSYoungGen      total 175616K, used 0K [0x00000000d5e00000, 0x00000000e2000000, 0x0000000100000000)
  eden space 154624K, 0% used [0x00000000d5e00000,0x00000000d5e00000,0x00000000df500000)
  from space 20992K, 0% used [0x00000000e0b80000,0x00000000e0b80000,0x00000000e2000000)
  to   space 22016K, 0% used [0x00000000df500000,0x00000000df500000,0x00000000e0a80000)
 ParOldGen       total 143872K, used 24315K [0x0000000081a00000, 0x000000008a680000, 0x00000000d5e00000)
  object space 143872K, 16% used [0x0000000081a00000,0x00000000831bed30,0x000000008a680000)
 Metaspace       used 59326K, capacity 62436K, committed 63000K, reserved 1103872K
  class space    used 8061K, capacity 8581K, committed 8744K, reserved 1048576K
}

