# JRE version: Java(TM) SE Runtime Environment (8.0_191-b12) (build 1.8.0_191-b12)
# Java VM: Java HotSpot(TM) 64-Bit Server VM (25.191-b12 mixed mode windows-amd64 compressed oops)
Heap:
 PSYoungGen      total 73216K, used 42389K [0x00000000d5e00000, 0x00000000db100000, 0x0000000100000000)
  eden space 64512K, 62% used [0x00000000d5e00000,0x00000000d85afc68,0x00000000d9d00000)
  from space 8704K, 20% used [0x00000000da880000,0x00000000daa35ab0,0x00000000db100000)
  to   space 10240K, 0% used [0x00000000d9d00000,0x00000000d9d00000,0x00000000da700000)
 ParOldGen       total 47616K, used 8280K [0x0000000081a00000, 0x0000000084880000, 0x00000000d5e00000)
  object space 47616K, 17% used [0x0000000081a00000,0x00000000822160e8,0x0000000084880000)
 Metaspace       used 22794K, capacity 23700K, committed 23936K, reserved 1071104K
  class space    used 2906K, capacity 3113K, committed 3200K, reserved 1048576K
GC Heap History (10 events):
Event: 57.657 GC heap before
{Heap before GC invocations=3 (full 0):
 PSYoungGen      total 38400K, used 35919K [0x00000000d5e00000, 0x00000000d8880000, 0x0000000100000000)
  eden space 33280K, 100% used [0x00000000d5e00000,0x00000000d7e80000,0x00000000d7e80000)
  from space 5120K, 51% used [0x00000000d8380000,0x00000000d8613f10,0x00000000d8880000)
  to   space 5120K, 0% used [0x00000000d7e80000,0x00000000d7e80000,0x00000000d8380000)
 ParOldGen       total 87552K, used 16K [0x0000000081a00000, 0x0000000086f80000, 0x00000000d5e00000)
  object space 87552K, 0% used [0x0000000081a00000,0x0000000081a04000,0x0000000086f80000)
 Metaspace       used 12864K, capacity 13340K, committed 13568K, reserved 1060864K
  class space    used 1593K, capacity 1735K, committed 1792K, reserved 1048576K
Event: 57.666 GC heap after
Heap after GC invocations=3 (full 0):
 PSYoungGen      total 38400K, used 5105K [0x00000000d5e00000, 0x00000000d8880000, 0x0000000100000000)
  eden space 33280K, 0% used [0x00000000d5e00000,0x00000000d5e00000,0x00000000d7e80000)
  from space 5120K, 99% used [0x00000000d7e80000,0x00000000d837c7d0,0x00000000d8380000)
  to   space 5120K, 0% used [0x00000000d8380000,0x00000000d8380000,0x00000000d8880000)
 ParOldGen       total 87552K, used 218K [0x0000000081a00000, 0x0000000086f80000, 0x00000000d5e00000)
  object space 87552K, 0% used [0x0000000081a00000,0x0000000081a368c0,0x0000000086f80000)
 Metaspace       used 12864K, capacity 13340K, committed 13568K, reserved 1060864K
  class space    used 1593K, capacity 1735K, committed 1792K, reserved 1048576K
}
Event: 58.374 GC heap before
{Heap before GC invocations=4 (full 0):
 PSYoungGen      total 38400K, used 38385K [0x00000000d5e00000, 0x00000000d8880000, 0x0000000100000000)
  eden space 33280K, 100% used [0x00000000d5e00000,0x00000000d7e80000,0x00000000d7e80000)
  from space 5120K, 99% used [0x00000000d7e80000,0x00000000d837c7d0,0x00000000d8380000)
  to   space 5120K, 0% used [0x00000000d8380000,0x00000000d8380000,0x00000000d8880000)
 ParOldGen       total 87552K, used 218K [0x0000000081a00000, 0x0000000086f80000, 0x00000000d5e00000)
  object space 87552K, 0% used [0x0000000081a00000,0x0000000081a368c0,0x0000000086f80000)
 Metaspace       used 15791K, capacity 16434K, committed 16640K, reserved 1062912K
  class space    used 2045K, capacity 2212K, committed 2304K, reserved 1048576K
Event: 58.390 GC heap after
Heap after GC invocations=4 (full 0):
 PSYoungGen      total 38400K, used 5088K [0x00000000d5e00000, 0x00000000da900000, 0x0000000100000000)
  eden space 33280K, 0% used [0x00000000d5e00000,0x00000000d5e00000,0x00000000d7e80000)
  from space 5120K, 99% used [0x00000000d8380000,0x00000000d8878020,0x00000000d8880000)
  to   space 5120K, 0% used [0x00000000d7e80000,0x00000000d7e80000,0x00000000d8380000)
 ParOldGen       total 87552K, used 1567K [0x0000000081a00000, 0x0000000086f80000, 0x00000000d5e00000)
  object space 87552K, 1% used [0x0000000081a00000,0x0000000081b87c68,0x0000000086f80000)
 Metaspace       used 15791K, capacity 16434K, committed 16640K, reserved 1062912K
  class space    used 2045K, capacity 2212K, committed 2304K, reserved 1048576K
}
Event: 58.971 GC heap before
{Heap before GC invocations=5 (full 0):
 PSYoungGen      total 38400K, used 38164K [0x00000000d5e00000, 0x00000000da900000, 0x0000000100000000)
  eden space 33280K, 99% used [0x00000000d5e00000,0x00000000d7e4d350,0x00000000d7e80000)
  from space 5120K, 99% used [0x00000000d8380000,0x00000000d8878020,0x00000000d8880000)
  to   space 5120K, 0% used [0x00000000d7e80000,0x00000000d7e80000,0x00000000d8380000)
 ParOldGen       total 87552K, used 1567K [0x0000000081a00000, 0x0000000086f80000, 0x00000000d5e00000)
  object space 87552K, 1% used [0x0000000081a00000,0x0000000081b87c68,0x0000000086f80000)
 Metaspace       used 20531K, capacity 21190K, committed 21248K, reserved 1067008K
  class space    used 2603K, capacity 2786K, committed 2816K, reserved 1048576K
Event: 58.984 GC heap after
Heap after GC invocations=5 (full 0):
 PSYoungGen      total 38400K, used 5090K [0x00000000d5e00000, 0x00000000db200000, 0x0000000100000000)
  eden space 33280K, 0% used [0x00000000d5e00000,0x00000000d5e00000,0x00000000d7e80000)
  from space 5120K, 99% used [0x00000000d7e80000,0x00000000d8378b00,0x00000000d8380000)
  to   space 9728K, 0% used [0x00000000da880000,0x00000000da880000,0x00000000db200000)
 ParOldGen       total 87552K, used 5006K [0x0000000081a00000, 0x0000000086f80000, 0x00000000d5e00000)
  object space 87552K, 5% used [0x0000000081a00000,0x0000000081ee3990,0x0000000086f80000)
 Metaspace       used 20531K, capacity 21190K, committed 21248K, reserved 1067008K
  class space    used 2603K, capacity 2786K, committed 2816K, reserved 1048576K
}
Event: 58.984 GC heap before
{Heap before GC invocations=6 (full 1):
 PSYoungGen      total 38400K, used 5090K [0x00000000d5e00000, 0x00000000db200000, 0x0000000100000000)
  eden space 33280K, 0% used [0x00000000d5e00000,0x00000000d5e00000,0x00000000d7e80000)
  from space 5120K, 99% used [0x00000000d7e80000,0x00000000d8378b00,0x00000000d8380000)
  to   space 9728K, 0% used [0x00000000da880000,0x00000000da880000,0x00000000db200000)
 ParOldGen       total 87552K, used 5006K [0x0000000081a00000, 0x0000000086f80000, 0x00000000d5e00000)
  object space 87552K, 5% used [0x0000000081a00000,0x0000000081ee3990,0x0000000086f80000)
 Metaspace       used 20531K, capacity 21190K, committed 21248K, reserved 1067008K
  class space    used 2603K, capacity 2786K, committed 2816K, reserved 1048576K
Event: 59.042 GC heap after
Heap after GC invocations=6 (full 1):
 PSYoungGen      total 38400K, used 0K [0x00000000d5e00000, 0x00000000db200000, 0x0000000100000000)
  eden space 33280K, 0% used [0x00000000d5e00000,0x00000000d5e00000,0x00000000d7e80000)
  from space 5120K, 0% used [0x00000000d7e80000,0x00000000d7e80000,0x00000000d8380000)
  to   space 9728K, 0% used [0x00000000da880000,0x00000000da880000,0x00000000db200000)
 ParOldGen       total 47616K, used 8280K [0x0000000081a00000, 0x0000000084880000, 0x00000000d5e00000)
  object space 47616K, 17% used [0x0000000081a00000,0x00000000822160e8,0x0000000084880000)
 Metaspace       used 20529K, capacity 21184K, committed 21248K, reserved 1067008K
  class space    used 2602K, capacity 2785K, committed 2816K, reserved 1048576K
}
Event: 59.258 GC heap before
{Heap before GC invocations=7 (full 1):
 PSYoungGen      total 38400K, used 33245K [0x00000000d5e00000, 0x00000000db200000, 0x0000000100000000)
  eden space 33280K, 99% used [0x00000000d5e00000,0x00000000d7e774a0,0x00000000d7e80000)
  from space 5120K, 0% used [0x00000000d7e80000,0x00000000d7e80000,0x00000000d8380000)
  to   space 9728K, 0% used [0x00000000da880000,0x00000000da880000,0x00000000db200000)
 ParOldGen       total 47616K, used 8280K [0x0000000081a00000, 0x0000000084880000, 0x00000000d5e00000)
  object space 47616K, 17% used [0x0000000081a00000,0x00000000822160e8,0x0000000084880000)
 Metaspace       used 21502K, capacity 22236K, committed 22528K, reserved 1069056K
  class space    used 2772K, capacity 2983K, committed 3072K, reserved 1048576K
Event: 59.262 GC heap after
Heap after GC invocations=7 (full 1):
 PSYoungGen      total 73216K, used 1750K [0x00000000d5e00000, 0x00000000db100000, 0x0000000100000000)
  eden space 64512K, 0% used [0x00000000d5e00000,0x00000000d5e00000,0x00000000d9d00000)
  from space 8704K, 20% used [0x00000000da880000,0x00000000daa35ab0,0x00000000db100000)
  to   space 10240K, 0% used [0x00000000d9d00000,0x00000000d9d00000,0x00000000da700000)
 ParOldGen       total 47616K, used 8280K [0x0000000081a00000, 0x0000000084880000, 0x00000000d5e00000)
  object space 47616K, 17% used [0x0000000081a00000,0x00000000822160e8,0x0000000084880000)
 Metaspace       used 21502K, capacity 22236K, committed 22528K, reserved 1069056K
  class space    used 2772K, capacity 2983K, committed 3072K, reserved 1048576K
}

